#
# There is insufficient memory for the Java Runtime Environment to continue.
# Native memory allocation (mmap) failed to map 65011712 bytes for G1 virtual space
# Possible reasons:
#   The system is out of physical RAM or swap space
#   The process is running with CompressedOops enabled, and the Java Heap may be blocking the growth of the native heap
# Possible solutions:
#   Reduce memory load on the system
#   Increase physical memory or swap space
#   Check if swap backing store is full
#   Decrease Java heap size (-Xmx/-Xms)
#   Decrease number of Java threads
#   Decrease Java thread stack sizes (-Xss)
#   Set larger code cache with -XX:ReservedCodeCacheSize=
#   JVM is running with Unscaled Compressed Oops mode in which the Java heap is
#     placed in the first 4GB address space. The Java Heap base address is the
#     maximum limit for the native heap growth. Please use -XX:HeapBaseMinAddress
#     to set the Java Heap base and to place the Java Heap above 4GB virtual address.
# This output file may be truncated or incomplete.
#
#  Out of Memory Error (os_windows.cpp:3769), pid=10000, tid=312
#
# JRE version:  (17.0.6) (build )
# Java VM: OpenJDK 64-Bit Server VM (17.0.6+0-b2043.56-10027231, mixed mode, sharing, tiered, compressed oops, compressed class ptrs, g1 gc, windows-amd64)
# No core dump will be written. Minidumps are not enabled by default on client versions of Windows
#

---------------  S U M M A R Y ------------

Command Line: git4idea.http.GitAskPassApp Username for 'https://github.com': 

Host: Intel(R) Core(TM) i3-10110U CPU @ 2.10GHz, 4 cores, 3G,  Windows 11 , 64 bit Build 22621 (10.0.22621.2428)
Time: Mon Nov 13 22:03:56 2023 SE Asia Standard Time elapsed time: 0.617717 seconds (0d 0h 0m 0s)

---------------  T H R E A D  ---------------

Current thread (0x00000241f45bb030):  JavaThread "Unknown thread" [_thread_in_vm, id=312, stack(0x00000099f5800000,0x00000099f5900000)]

Stack: [0x00000099f5800000,0x00000099f5900000]
Native frames: (J=compiled Java code, j=interpreted, Vv=VM code, C=native code)
V  [jvm.dll+0x683c9a]
V  [jvm.dll+0x8427a4]
V  [jvm.dll+0x843f9e]
V  [jvm.dll+0x844603]
V  [jvm.dll+0x249b75]
V  [jvm.dll+0x680b69]
V  [jvm.dll+0x67505a]
V  [jvm.dll+0x309acb]
V  [jvm.dll+0x310f86]
V  [jvm.dll+0x3608ee]
V  [jvm.dll+0x360b1f]
V  [jvm.dll+0x2dfbf8]
V  [jvm.dll+0x2e0b64]
V  [jvm.dll+0x814091]
V  [jvm.dll+0x36e6a1]
V  [jvm.dll+0x7f35cc]
V  [jvm.dll+0x3f0e8f]
V  [jvm.dll+0x3f29d1]
C  [jli.dll+0x526b]
C  [ucrtbase.dll+0x29363]
C  [KERNEL32.DLL+0x1257d]
C  [ntdll.dll+0x5aa78]


---------------  P R O C E S S  ---------------

Threads class SMR info:
_java_thread_list=0x00007ffa7f2bc058, length=0, elements={
}

Java Threads: ( => current thread )

Other Threads:
  0x00000241f45f5ee0 GCTaskThread "GC Thread#0" [stack: 0x00000099f5900000,0x00000099f5a00000] [id=10708]
  0x00000241f45fe920 ConcurrentGCThread "G1 Main Marker" [stack: 0x00000099f5a00000,0x00000099f5b00000] [id=10664]
  0x00000241f4600340 ConcurrentGCThread "G1 Conc#0" [stack: 0x00000099f5b00000,0x00000099f5c00000] [id=8184]

[error occurred during error reporting (printing all threads), id 0xc0000005, EXCEPTION_ACCESS_VIOLATION (0xc0000005) at pc=0x00007ffa7ea70797]

VM state: not at safepoint (not fully initialized)

VM Mutex/Monitor currently owned by a thread:  ([mutex/lock_event])
[0x00000241f45b7220] Heap_lock - owner thread: 0x00000241f45bb030

Heap address: 0x00000000c2800000, size: 984 MB, Compressed Oops mode: 32-bit

CDS archive(s) mapped at: [0x0000000000000000-0x0000000000000000-0x0000000000000000), size 0, SharedBaseAddress: 0x0000000800000000, ArchiveRelocationMode: 0.
Narrow klass base: 0x0000000000000000, Narrow klass shift: 0, Narrow klass range: 0x0

GC Precious Log:
<Empty>

Heap:
 garbage-first heap   total 0K, used 0K [0x00000000c2800000, 0x0000000100000000)
  region size 1024K, 0 young (0K), 0 survivors (0K)

[error occurred during error reporting (printing heap information), id 0xc0000005, EXCEPTION_ACCESS_VIOLATION (0xc0000005) at pc=0x00007ffa7ee5da89]

GC Heap History (0 events):
No events

Dll operation events (1 events):
Event: 0.117 Loaded shared library D:\Android\jbr\bin\java.dll

Deoptimization events (0 events):
No events

Classes unloaded (0 events):
No events

Classes redefined (0 events):
No events

Internal exceptions (0 events):
No events

VM Operations (0 events):
No events

Events (0 events):
No events


Dynamic libraries:
0x00007ff6fda40000 - 0x00007ff6fda4a000 	D:\Android\jbr\bin\java.exe
0x00007ffad3750000 - 0x00007ffad3967000 	C:\WINDOWS\SYSTEM32\ntdll.dll
0x00007ffad29b0000 - 0x00007ffad2a74000 	C:\WINDOWS\System32\KERNEL32.DLL
0x00007ffad1100000 - 0x00007ffad14a6000 	C:\WINDOWS\System32\KERNELBASE.dll
0x00007ffad0ad0000 - 0x00007ffad0be1000 	C:\WINDOWS\System32\ucrtbase.dll
0x00007ffaaa3b0000 - 0x00007ffaaa3c7000 	D:\Android\jbr\bin\jli.dll
0x00007ffad2d00000 - 0x00007ffad2ead000 	C:\WINDOWS\System32\USER32.dll
0x00007ffad0cb0000 - 0x00007ffad0cd6000 	C:\WINDOWS\System32\win32u.dll
0x00007ffad2f70000 - 0x00007ffad2f99000 	C:\WINDOWS\System32\GDI32.dll
0x00007ffad0f60000 - 0x00007ffad1078000 	C:\WINDOWS\System32\gdi32full.dll
0x00007ffad0ce0000 - 0x00007ffad0d7a000 	C:\WINDOWS\System32\msvcp_win.dll
0x00007ffac8b20000 - 0x00007ffac8b3b000 	D:\Android\jbr\bin\VCRUNTIME140.dll
0x00007ffab9a10000 - 0x00007ffab9ca3000 	C:\WINDOWS\WinSxS\amd64_microsoft.windows.common-controls_6595b64144ccf1df_6.0.22621.2361_none_2712ced57382f843\COMCTL32.dll
0x00007ffad2ab0000 - 0x00007ffad2b57000 	C:\WINDOWS\System32\msvcrt.dll
0x00007ffad1fa0000 - 0x00007ffad1fd1000 	C:\WINDOWS\System32\IMM32.DLL
0x00007ffacc080000 - 0x00007ffacc08c000 	D:\Android\jbr\bin\vcruntime140_1.dll
0x00007ffabceb0000 - 0x00007ffabcf3d000 	D:\Android\jbr\bin\msvcp140.dll
0x00007ffa7e780000 - 0x00007ffa7f3ee000 	D:\Android\jbr\bin\server\jvm.dll
0x00007ffad3410000 - 0x00007ffad34c0000 	C:\WINDOWS\System32\ADVAPI32.dll
0x00007ffad2eb0000 - 0x00007ffad2f56000 	C:\WINDOWS\System32\sechost.dll
0x00007ffad19a0000 - 0x00007ffad1ab7000 	C:\WINDOWS\System32\RPCRT4.dll
0x00007ffac7be0000 - 0x00007ffac7c14000 	C:\WINDOWS\SYSTEM32\WINMM.dll
0x00007ffaaf690000 - 0x00007ffaaf699000 	C:\WINDOWS\SYSTEM32\WSOCK32.dll
0x00007ffad2fa0000 - 0x00007ffad3011000 	C:\WINDOWS\System32\WS2_32.dll
0x00007ffac7bd0000 - 0x00007ffac7bda000 	C:\WINDOWS\SYSTEM32\VERSION.dll
0x00007ffacfba0000 - 0x00007ffacfbb8000 	C:\WINDOWS\SYSTEM32\kernel.appcore.dll
0x00007ffac7d20000 - 0x00007ffac7d2a000 	D:\Android\jbr\bin\jimage.dll
0x00007fface520000 - 0x00007fface74e000 	C:\WINDOWS\SYSTEM32\DBGHELP.DLL
0x00007ffad3020000 - 0x00007ffad33aa000 	C:\WINDOWS\System32\combase.dll
0x00007ffad18c0000 - 0x00007ffad1997000 	C:\WINDOWS\System32\OLEAUT32.dll
0x00007ffaaf5f0000 - 0x00007ffaaf622000 	C:\WINDOWS\SYSTEM32\dbgcore.DLL
0x00007ffad1080000 - 0x00007ffad10fa000 	C:\WINDOWS\System32\bcryptPrimitives.dll
0x00007ffaba6e0000 - 0x00007ffaba705000 	D:\Android\jbr\bin\java.dll

dbghelp: loaded successfully - version: 4.0.5 - missing functions: none
symbol engine: initialized successfully - sym options: 0x614 - pdb path: .;D:\Android\jbr\bin;C:\WINDOWS\SYSTEM32;C:\WINDOWS\WinSxS\amd64_microsoft.windows.common-controls_6595b64144ccf1df_6.0.22621.2361_none_2712ced57382f843;D:\Android\jbr\bin\server

VM Arguments:
java_command: git4idea.http.GitAskPassApp Username for 'https://github.com': 
java_class_path (initial): D:/Android/plugins/vcs-git/lib/git4idea-rt.jar;D:/Android/lib/externalProcess-rt.jar;D:/Android/lib/app.jar;D:/Android/lib/3rd-party-rt.jar
Launcher Type: SUN_STANDARD

[Global flags]
     intx CICompilerCount                          = 3                                         {product} {ergonomic}
     uint ConcGCThreads                            = 1                                         {product} {ergonomic}
     uint G1ConcRefinementThreads                  = 4                                         {product} {ergonomic}
   size_t G1HeapRegionSize                         = 1048576                                   {product} {ergonomic}
    uintx GCDrainStackTargetSize                   = 64                                        {product} {ergonomic}
   size_t InitialHeapSize                          = 65011712                                  {product} {ergonomic}
   size_t MarkStackSize                            = 4194304                                   {product} {ergonomic}
   size_t MaxHeapSize                              = 1031798784                                {product} {ergonomic}
   size_t MinHeapDeltaBytes                        = 1048576                                   {product} {ergonomic}
   size_t MinHeapSize                              = 8388608                                   {product} {ergonomic}
    uintx NonNMethodCodeHeapSize                   = 5832780                                {pd product} {ergonomic}
    uintx NonProfiledCodeHeapSize                  = 122912730                              {pd product} {ergonomic}
    uintx ProfiledCodeHeapSize                     = 122912730                              {pd product} {ergonomic}
    uintx ReservedCodeCacheSize                    = 251658240                              {pd product} {ergonomic}
     bool SegmentedCodeCache                       = true                                      {product} {ergonomic}
   size_t SoftMaxHeapSize                          = 1031798784                             {manageable} {ergonomic}
     bool UseCompressedClassPointers               = true                           {product lp64_product} {ergonomic}
     bool UseCompressedOops                        = true                           {product lp64_product} {ergonomic}
     bool UseG1GC                                  = true                                      {product} {ergonomic}
     bool UseLargePagesIndividualAllocation        = false                                  {pd product} {ergonomic}

Logging:
Log output configuration:
 #0: stdout all=warning uptime,level,tags
 #1: stderr all=off uptime,level,tags

Environment Variables:
PATH=C:/Program Files/Git/mingw64/libexec/git-core;C:/Program Files/Git/mingw64/libexec/git-core;C:\Program Files\Git\mingw64\bin;C:\Program Files\Git\usr\bin;C:\Users\Ideapad Slim 3\bin;C:\Program Files (x86)\Common Files\Oracle\Java\javapath;C:\Program Files\Common Files\Oracle\Java\javapath;C:\PROGRA~2\Borland\CBUILD~1\Bin;C:\PROGRA~2\Borland\CBUILD~1\Projects\Bpl;C:\Program Files (x86)\Embarcadero\Studio\21.0\bin;C:\Users\Public\Documents\Embarcadero\Studio\21.0\Bpl;C:\Program Files (x86)\Embarcadero\Studio\21.0\bin64;C:\Users\Public\Documents\Embarcadero\Studio\21.0\Bpl\Win64;C:\Windows\system32;C:\Windows;C:\Windows\System32\Wbem;C:\Windows\System32\WindowsPowerShell\v1.0\;C:\Windows\System32\OpenSSH\;C:\Program Files (x86)\NVIDIA Corporation\PhysX\Common;C:\Program Files\NVIDIA Corporation\NVIDIA NvDLISR;C:\Program Files (x86)\Windows Kits\10\Windows Performance Toolkit\;C:\WINDOWS\system32;C:\WINDOWS;C:\WINDOWS\System32\Wbem;C:\WINDOWS\System32\WindowsPowerShell\v1.0\;C:\WINDOWS\System32\OpenSSH\;C:\Program Files\Git\cmd;C:\xampp\php;C:\ProgramData\ComposerSetup\bin;C:\Program Files\nodejs\;C:\Program Files\Java\jdk1.8.0_201\bin;C:\Program Files\Java\jre1.8.0_361\bin;C:\Program Files\MySQL\MySQL Server 5.5\bin;C:\Users\Ideapad Slim 3\AppData\Local\Programs\Python\Python311\Scripts\;C:\Users\Ideapad Slim 3\AppData\Local\Programs\Python\Python311\;C:\Users\Ideapad Slim 3\AppData\Local\Microsoft\WindowsApps;C:\MinGW\bin;C:\Program Files (x86)\Borland\CBuilder6\Bin;C:\Users\Ideapad Slim 3\AppData\Local\Programs\Microsoft VS Code\bin;C:\Users\Ideapad Slim 3\AppData\Local\GitHubDesktop\bin;C:\Users\Ideapad Slim 3\AppData\Roaming\Composer\vendor\bin;C:\Users\Ideapad Slim 3\AppData\Roaming\npm
USERNAME=Ideapad Slim 3
DISPLAY=:0.0
LC_ALL=en_US.UTF-8
TERM=xterm-256color
TMPDIR=C:\Users\IDEAPA~1\AppData\Local\Temp
OS=Windows_NT
PROCESSOR_IDENTIFIER=Intel64 Family 6 Model 142 Stepping 12, GenuineIntel
TMP=C:\Users\IDEAPA~1\AppData\Local\Temp
TEMP=C:\Users\IDEAPA~1\AppData\Local\Temp


JNI global refs:

[error occurred during error reporting (JNI global references), id 0xc0000005, EXCEPTION_ACCESS_VIOLATION (0xc0000005) at pc=0x00007ffa7e837a10]


---------------  S Y S T E M  ---------------

OS:
 Windows 11 , 64 bit Build 22621 (10.0.22621.2428)
OS uptime: 21 days 2:32 hours

CPU: total 4 (initial active 4) (2 cores per cpu, 2 threads per core) family 6 model 142 stepping 12 microcode 0xde, cx8, cmov, fxsr, ht, mmx, 3dnowpref, sse, sse2, sse3, ssse3, sse4.1, sse4.2, popcnt, lzcnt, tsc, tscinvbit, avx, avx2, aes, erms, clmul, bmi1, bmi2, adx, fma, vzeroupper, clflush, clflushopt

Memory: 4k page, system-wide physical 3930M (12M free)
TotalPageFile size 16218M (AvailPageFile size 5M)
current process WorkingSet (physical memory assigned to process): 10M, peak: 10M
current process commit charge ("private bytes"): 51M, peak: 113M

vm_info: OpenJDK 64-Bit Server VM (17.0.6+0-b2043.56-10027231) for windows-amd64 JRE (17.0.6+0-b2043.56-10027231), built on Apr 28 2023 00:43:19 by "androidbuild" with MS VC++ 16.10 / 16.11 (VS2019)

END.
